<?xml version="1.0" encoding="UTF-8"?>
<!-- Generated by org.testng.reporters.JUnitReportReporter -->
<testsuite ignored="0" hostname="DESKTOP-L8HRD22" failures="0" tests="1" name="pruebaNG_Casos_de_prueba.selTest" time="10.444" errors="0" timestamp="09 jul. 2024 05:58:57 GMT" skipped="0">
  <testcase classname="pruebaNG_Casos_de_prueba.selTest" name="test01" time="10.444"/>
</testsuite> <!-- pruebaNG_Casos_de_prueba.selTest -->
