<?xml version="1.0" encoding="UTF-8"?>
<!-- Generated by org.testng.reporters.JUnitReportReporter -->
<testsuite ignored="0" hostname="DESKTOP-L8HRD22" failures="0" tests="1" name="pruebaNG_Casos_de_prueba.selTest" time="10.447" errors="0" timestamp="10 jul. 2024 06:18:19 GMT" skipped="0">
  <testcase classname="pruebaNG_Casos_de_prueba.selTest" name="test01" time="10.447"/>
</testsuite> <!-- pruebaNG_Casos_de_prueba.selTest -->
