<?xml version="1.0" encoding="UTF-8"?>
<!-- Generated by org.testng.reporters.JUnitReportReporter -->
<testsuite ignored="0" hostname="DESKTOP-L8HRD22" failures="0" tests="1" name="pruebaNG_Casos_de_prueba.selTest1" time="9.689" errors="0" timestamp="25 jun. 2024 05:18:35 GMT" skipped="0">
  <testcase classname="pruebaNG_Casos_de_prueba.selTest1" name="test01" time="9.689"/>
</testsuite> <!-- pruebaNG_Casos_de_prueba.selTest1 -->
